<?xml version="1.0" encoding="UTF-8"?>
<testsuite xmlns:xsi="http://www.w3.org/2001/XMLSchema-instance" xsi:noNamespaceSchemaLocation="https://maven.apache.org/surefire/maven-surefire-plugin/xsd/surefire-test-report-3.0.xsd" version="3.0" name="pe.edu.vallegrande.ms_distribution.application.services.impl.DistributionScheduleServiceImplTest" time="0.223" tests="19" errors="0" skipped="0" failures="0">
  <properties>
    <property name="java.specification.version" value="17"/>
    <property name="sun.cpu.isalist" value="amd64"/>
    <property name="sun.jnu.encoding" value="Cp1252"/>
    <property name="java.class.path" value="D:\ms-distribucion-test\target\test-classes;D:\ms-distribucion-test\target\classes;C:\Users\WINDOWS 2025\.m2\repository\org\springframework\boot\spring-boot-starter-webflux\3.4.5\spring-boot-starter-webflux-3.4.5.jar;C:\Users\WINDOWS 2025\.m2\repository\org\springframework\boot\spring-boot-starter\3.4.5\spring-boot-starter-3.4.5.jar;C:\Users\WINDOWS 2025\.m2\repository\org\springframework\boot\spring-boot\3.4.5\spring-boot-3.4.5.jar;C:\Users\WINDOWS 2025\.m2\repository\org\springframework\boot\spring-boot-autoconfigure\3.4.5\spring-boot-autoconfigure-3.4.5.jar;C:\Users\WINDOWS 2025\.m2\repository\org\springframework\boot\spring-boot-starter-logging\3.4.5\spring-boot-starter-logging-3.4.5.jar;C:\Users\WINDOWS 2025\.m2\repository\ch\qos\logback\logback-classic\1.5.18\logback-classic-1.5.18.jar;C:\Users\WINDOWS 2025\.m2\repository\ch\qos\logback\logback-core\1.5.18\logback-core-1.5.18.jar;C:\Users\WINDOWS 2025\.m2\repository\org\apache\logging\log4j\log4j-to-slf4j\2.24.3\log4j-to-slf4j-2.24.3.jar;C:\Users\WINDOWS 2025\.m2\repository\org\apache\logging\log4j\log4j-api\2.24.3\log4j-api-2.24.3.jar;C:\Users\WINDOWS 2025\.m2\repository\org\slf4j\jul-to-slf4j\2.0.17\jul-to-slf4j-2.0.17.jar;C:\Users\WINDOWS 2025\.m2\repository\jakarta\annotation\jakarta.annotation-api\2.1.1\jakarta.annotation-api-2.1.1.jar;C:\Users\WINDOWS 2025\.m2\repository\org\yaml\snakeyaml\2.3\snakeyaml-2.3.jar;C:\Users\WINDOWS 2025\.m2\repository\org\springframework\boot\spring-boot-starter-json\3.4.5\spring-boot-starter-json-3.4.5.jar;C:\Users\WINDOWS 2025\.m2\repository\com\fasterxml\jackson\datatype\jackson-datatype-jdk8\2.18.3\jackson-datatype-jdk8-2.18.3.jar;C:\Users\WINDOWS 2025\.m2\repository\com\fasterxml\jackson\datatype\jackson-datatype-jsr310\2.18.3\jackson-datatype-jsr310-2.18.3.jar;C:\Users\WINDOWS 2025\.m2\repository\com\fasterxml\jackson\module\jackson-module-parameter-names\2.18.3\jackson-module-parameter-names-2.18.3.jar;C:\Users\WINDOWS 2025\.m2\repository\org\springframework\boot\spring-boot-starter-reactor-netty\3.4.5\spring-boot-starter-reactor-netty-3.4.5.jar;C:\Users\WINDOWS 2025\.m2\repository\io\projectreactor\netty\reactor-netty-http\1.2.5\reactor-netty-http-1.2.5.jar;C:\Users\WINDOWS 2025\.m2\repository\io\netty\netty-codec-http\4.1.119.Final\netty-codec-http-4.1.119.Final.jar;C:\Users\WINDOWS 2025\.m2\repository\io\netty\netty-common\4.1.119.Final\netty-common-4.1.119.Final.jar;C:\Users\WINDOWS 2025\.m2\repository\io\netty\netty-buffer\4.1.119.Final\netty-buffer-4.1.119.Final.jar;C:\Users\WINDOWS 2025\.m2\repository\io\netty\netty-transport\4.1.119.Final\netty-transport-4.1.119.Final.jar;C:\Users\WINDOWS 2025\.m2\repository\io\netty\netty-codec\4.1.119.Final\netty-codec-4.1.119.Final.jar;C:\Users\WINDOWS 2025\.m2\repository\io\netty\netty-handler\4.1.119.Final\netty-handler-4.1.119.Final.jar;C:\Users\WINDOWS 2025\.m2\repository\io\netty\netty-codec-http2\4.1.119.Final\netty-codec-http2-4.1.119.Final.jar;C:\Users\WINDOWS 2025\.m2\repository\io\netty\netty-resolver-dns\4.1.119.Final\netty-resolver-dns-4.1.119.Final.jar;C:\Users\WINDOWS 2025\.m2\repository\io\netty\netty-resolver\4.1.119.Final\netty-resolver-4.1.119.Final.jar;C:\Users\WINDOWS 2025\.m2\repository\io\netty\netty-codec-dns\4.1.119.Final\netty-codec-dns-4.1.119.Final.jar;C:\Users\WINDOWS 2025\.m2\repository\io\netty\netty-resolver-dns-native-macos\4.1.119.Final\netty-resolver-dns-native-macos-4.1.119.Final-osx-x86_64.jar;C:\Users\WINDOWS 2025\.m2\repository\io\netty\netty-resolver-dns-classes-macos\4.1.119.Final\netty-resolver-dns-classes-macos-4.1.119.Final.jar;C:\Users\WINDOWS 2025\.m2\repository\io\netty\netty-transport-native-epoll\4.1.119.Final\netty-transport-native-epoll-4.1.119.Final-linux-x86_64.jar;C:\Users\WINDOWS 2025\.m2\repository\io\netty\netty-transport-native-unix-common\4.1.119.Final\netty-transport-native-unix-common-4.1.119.Final.jar;C:\Users\WINDOWS 2025\.m2\repository\io\netty\netty-transport-classes-epoll\4.1.119.Final\netty-transport-classes-epoll-4.1.119.Final.jar;C:\Users\WINDOWS 2025\.m2\repository\io\projectreactor\netty\reactor-netty-core\1.2.5\reactor-netty-core-1.2.5.jar;C:\Users\WINDOWS 2025\.m2\repository\io\netty\netty-handler-proxy\4.1.119.Final\netty-handler-proxy-4.1.119.Final.jar;C:\Users\WINDOWS 2025\.m2\repository\io\netty\netty-codec-socks\4.1.119.Final\netty-codec-socks-4.1.119.Final.jar;C:\Users\WINDOWS 2025\.m2\repository\org\springframework\spring-web\6.2.6\spring-web-6.2.6.jar;C:\Users\WINDOWS 2025\.m2\repository\org\springframework\spring-beans\6.2.6\spring-beans-6.2.6.jar;C:\Users\WINDOWS 2025\.m2\repository\org\springframework\spring-webflux\6.2.6\spring-webflux-6.2.6.jar;C:\Users\WINDOWS 2025\.m2\repository\org\springframework\boot\spring-boot-starter-data-mongodb-reactive\3.4.5\spring-boot-starter-data-mongodb-reactive-3.4.5.jar;C:\Users\WINDOWS 2025\.m2\repository\io\projectreactor\reactor-core\3.7.5\reactor-core-3.7.5.jar;C:\Users\WINDOWS 2025\.m2\repository\org\reactivestreams\reactive-streams\1.0.4\reactive-streams-1.0.4.jar;C:\Users\WINDOWS 2025\.m2\repository\org\mongodb\mongodb-driver-reactivestreams\5.2.1\mongodb-driver-reactivestreams-5.2.1.jar;C:\Users\WINDOWS 2025\.m2\repository\org\mongodb\bson\5.2.1\bson-5.2.1.jar;C:\Users\WINDOWS 2025\.m2\repository\org\mongodb\mongodb-driver-core\5.2.1\mongodb-driver-core-5.2.1.jar;C:\Users\WINDOWS 2025\.m2\repository\org\mongodb\bson-record-codec\5.2.1\bson-record-codec-5.2.1.jar;C:\Users\WINDOWS 2025\.m2\repository\org\springframework\data\spring-data-mongodb\4.4.5\spring-data-mongodb-4.4.5.jar;C:\Users\WINDOWS 2025\.m2\repository\org\springframework\spring-tx\6.2.6\spring-tx-6.2.6.jar;C:\Users\WINDOWS 2025\.m2\repository\org\springframework\spring-context\6.2.6\spring-context-6.2.6.jar;C:\Users\WINDOWS 2025\.m2\repository\org\springframework\spring-aop\6.2.6\spring-aop-6.2.6.jar;C:\Users\WINDOWS 2025\.m2\repository\org\springframework\spring-expression\6.2.6\spring-expression-6.2.6.jar;C:\Users\WINDOWS 2025\.m2\repository\org\springframework\data\spring-data-commons\3.4.5\spring-data-commons-3.4.5.jar;C:\Users\WINDOWS 2025\.m2\repository\org\slf4j\slf4j-api\2.0.17\slf4j-api-2.0.17.jar;C:\Users\WINDOWS 2025\.m2\repository\org\springframework\boot\spring-boot-starter-validation\3.4.5\spring-boot-starter-validation-3.4.5.jar;C:\Users\WINDOWS 2025\.m2\repository\org\apache\tomcat\embed\tomcat-embed-el\10.1.40\tomcat-embed-el-10.1.40.jar;C:\Users\WINDOWS 2025\.m2\repository\org\hibernate\validator\hibernate-validator\8.0.2.Final\hibernate-validator-8.0.2.Final.jar;C:\Users\WINDOWS 2025\.m2\repository\jakarta\validation\jakarta.validation-api\3.0.2\jakarta.validation-api-3.0.2.jar;C:\Users\WINDOWS 2025\.m2\repository\org\jboss\logging\jboss-logging\3.6.1.Final\jboss-logging-3.6.1.Final.jar;C:\Users\WINDOWS 2025\.m2\repository\com\fasterxml\classmate\1.7.0\classmate-1.7.0.jar;C:\Users\WINDOWS 2025\.m2\repository\org\springframework\boot\spring-boot-starter-actuator\3.4.5\spring-boot-starter-actuator-3.4.5.jar;C:\Users\WINDOWS 2025\.m2\repository\org\springframework\boot\spring-boot-actuator-autoconfigure\3.4.5\spring-boot-actuator-autoconfigure-3.4.5.jar;C:\Users\WINDOWS 2025\.m2\repository\org\springframework\boot\spring-boot-actuator\3.4.5\spring-boot-actuator-3.4.5.jar;C:\Users\WINDOWS 2025\.m2\repository\io\micrometer\micrometer-observation\1.14.6\micrometer-observation-1.14.6.jar;C:\Users\WINDOWS 2025\.m2\repository\io\micrometer\micrometer-commons\1.14.6\micrometer-commons-1.14.6.jar;C:\Users\WINDOWS 2025\.m2\repository\io\micrometer\micrometer-jakarta9\1.14.6\micrometer-jakarta9-1.14.6.jar;C:\Users\WINDOWS 2025\.m2\repository\org\springdoc\springdoc-openapi-starter-webflux-api\2.3.0\springdoc-openapi-starter-webflux-api-2.3.0.jar;C:\Users\WINDOWS 2025\.m2\repository\org\springdoc\springdoc-openapi-starter-common\2.3.0\springdoc-openapi-starter-common-2.3.0.jar;C:\Users\WINDOWS 2025\.m2\repository\io\swagger\core\v3\swagger-core-jakarta\2.2.19\swagger-core-jakarta-2.2.19.jar;C:\Users\WINDOWS 2025\.m2\repository\org\apache\commons\commons-lang3\3.17.0\commons-lang3-3.17.0.jar;C:\Users\WINDOWS 2025\.m2\repository\io\swagger\core\v3\swagger-annotations-jakarta\2.2.19\swagger-annotations-jakarta-2.2.19.jar;C:\Users\WINDOWS 2025\.m2\repository\io\swagger\core\v3\swagger-models-jakarta\2.2.19\swagger-models-jakarta-2.2.19.jar;C:\Users\WINDOWS 2025\.m2\repository\com\fasterxml\jackson\dataformat\jackson-dataformat-yaml\2.18.3\jackson-dataformat-yaml-2.18.3.jar;C:\Users\WINDOWS 2025\.m2\repository\io\jsonwebtoken\jjwt-api\0.11.5\jjwt-api-0.11.5.jar;C:\Users\WINDOWS 2025\.m2\repository\io\jsonwebtoken\jjwt-impl\0.11.5\jjwt-impl-0.11.5.jar;C:\Users\WINDOWS 2025\.m2\repository\io\jsonwebtoken\jjwt-jackson\0.11.5\jjwt-jackson-0.11.5.jar;C:\Users\WINDOWS 2025\.m2\repository\com\fasterxml\jackson\core\jackson-databind\2.18.3\jackson-databind-2.18.3.jar;C:\Users\WINDOWS 2025\.m2\repository\com\fasterxml\jackson\core\jackson-annotations\2.18.3\jackson-annotations-2.18.3.jar;C:\Users\WINDOWS 2025\.m2\repository\com\fasterxml\jackson\core\jackson-core\2.18.3\jackson-core-2.18.3.jar;C:\Users\WINDOWS 2025\.m2\repository\org\projectlombok\lombok\1.18.38\lombok-1.18.38.jar;C:\Users\WINDOWS 2025\.m2\repository\io\micrometer\micrometer-registry-prometheus\1.14.6\micrometer-registry-prometheus-1.14.6.jar;C:\Users\WINDOWS 2025\.m2\repository\io\micrometer\micrometer-core\1.14.6\micrometer-core-1.14.6.jar;C:\Users\WINDOWS 2025\.m2\repository\org\hdrhistogram\HdrHistogram\2.2.2\HdrHistogram-2.2.2.jar;C:\Users\WINDOWS 2025\.m2\repository\org\latencyutils\LatencyUtils\2.0.3\LatencyUtils-2.0.3.jar;C:\Users\WINDOWS 2025\.m2\repository\io\prometheus\prometheus-metrics-core\1.3.6\prometheus-metrics-core-1.3.6.jar;C:\Users\WINDOWS 2025\.m2\repository\io\prometheus\prometheus-metrics-model\1.3.6\prometheus-metrics-model-1.3.6.jar;C:\Users\WINDOWS 2025\.m2\repository\io\prometheus\prometheus-metrics-config\1.3.6\prometheus-metrics-config-1.3.6.jar;C:\Users\WINDOWS 2025\.m2\repository\io\prometheus\prometheus-metrics-tracer-common\1.3.6\prometheus-metrics-tracer-common-1.3.6.jar;C:\Users\WINDOWS 2025\.m2\repository\io\prometheus\prometheus-metrics-exposition-formats\1.3.6\prometheus-metrics-exposition-formats-1.3.6.jar;C:\Users\WINDOWS 2025\.m2\repository\io\prometheus\prometheus-metrics-exposition-textformats\1.3.6\prometheus-metrics-exposition-textformats-1.3.6.jar;C:\Users\WINDOWS 2025\.m2\repository\org\springframework\boot\spring-boot-starter-test\3.4.5\spring-boot-starter-test-3.4.5.jar;C:\Users\WINDOWS 2025\.m2\repository\org\springframework\boot\spring-boot-test\3.4.5\spring-boot-test-3.4.5.jar;C:\Users\WINDOWS 2025\.m2\repository\org\springframework\boot\spring-boot-test-autoconfigure\3.4.5\spring-boot-test-autoconfigure-3.4.5.jar;C:\Users\WINDOWS 2025\.m2\repository\com\jayway\jsonpath\json-path\2.9.0\json-path-2.9.0.jar;C:\Users\WINDOWS 2025\.m2\repository\jakarta\xml\bind\jakarta.xml.bind-api\4.0.2\jakarta.xml.bind-api-4.0.2.jar;C:\Users\WINDOWS 2025\.m2\repository\jakarta\activation\jakarta.activation-api\2.1.3\jakarta.activation-api-2.1.3.jar;C:\Users\WINDOWS 2025\.m2\repository\net\minidev\json-smart\2.5.2\json-smart-2.5.2.jar;C:\Users\WINDOWS 2025\.m2\repository\net\minidev\accessors-smart\2.5.2\accessors-smart-2.5.2.jar;C:\Users\WINDOWS 2025\.m2\repository\org\ow2\asm\asm\9.7.1\asm-9.7.1.jar;C:\Users\WINDOWS 2025\.m2\repository\org\assertj\assertj-core\3.26.3\assertj-core-3.26.3.jar;C:\Users\WINDOWS 2025\.m2\repository\net\bytebuddy\byte-buddy\1.15.11\byte-buddy-1.15.11.jar;C:\Users\WINDOWS 2025\.m2\repository\org\awaitility\awaitility\4.2.2\awaitility-4.2.2.jar;C:\Users\WINDOWS 2025\.m2\repository\org\hamcrest\hamcrest\2.2\hamcrest-2.2.jar;C:\Users\WINDOWS 2025\.m2\repository\org\junit\jupiter\junit-jupiter\5.11.4\junit-jupiter-5.11.4.jar;C:\Users\WINDOWS 2025\.m2\repository\org\junit\jupiter\junit-jupiter-api\5.11.4\junit-jupiter-api-5.11.4.jar;C:\Users\WINDOWS 2025\.m2\repository\org\opentest4j\opentest4j\1.3.0\opentest4j-1.3.0.jar;C:\Users\WINDOWS 2025\.m2\repository\org\junit\platform\junit-platform-commons\1.11.4\junit-platform-commons-1.11.4.jar;C:\Users\WINDOWS 2025\.m2\repository\org\apiguardian\apiguardian-api\1.1.2\apiguardian-api-1.1.2.jar;C:\Users\WINDOWS 2025\.m2\repository\org\junit\jupiter\junit-jupiter-params\5.11.4\junit-jupiter-params-5.11.4.jar;C:\Users\WINDOWS 2025\.m2\repository\org\junit\jupiter\junit-jupiter-engine\5.11.4\junit-jupiter-engine-5.11.4.jar;C:\Users\WINDOWS 2025\.m2\repository\org\junit\platform\junit-platform-engine\1.11.4\junit-platform-engine-1.11.4.jar;C:\Users\WINDOWS 2025\.m2\repository\org\mockito\mockito-core\5.14.2\mockito-core-5.14.2.jar;C:\Users\WINDOWS 2025\.m2\repository\net\bytebuddy\byte-buddy-agent\1.15.11\byte-buddy-agent-1.15.11.jar;C:\Users\WINDOWS 2025\.m2\repository\org\objenesis\objenesis\3.3\objenesis-3.3.jar;C:\Users\WINDOWS 2025\.m2\repository\org\mockito\mockito-junit-jupiter\5.14.2\mockito-junit-jupiter-5.14.2.jar;C:\Users\WINDOWS 2025\.m2\repository\org\skyscreamer\jsonassert\1.5.3\jsonassert-1.5.3.jar;C:\Users\WINDOWS 2025\.m2\repository\com\vaadin\external\google\android-json\0.0.20131108.vaadin1\android-json-0.0.20131108.vaadin1.jar;C:\Users\WINDOWS 2025\.m2\repository\org\springframework\spring-core\6.2.6\spring-core-6.2.6.jar;C:\Users\WINDOWS 2025\.m2\repository\org\springframework\spring-jcl\6.2.6\spring-jcl-6.2.6.jar;C:\Users\WINDOWS 2025\.m2\repository\org\springframework\spring-test\6.2.6\spring-test-6.2.6.jar;C:\Users\WINDOWS 2025\.m2\repository\org\xmlunit\xmlunit-core\2.10.0\xmlunit-core-2.10.0.jar;C:\Users\WINDOWS 2025\.m2\repository\io\projectreactor\reactor-test\3.7.5\reactor-test-3.7.5.jar;"/>
    <property name="java.vm.vendor" value="Oracle Corporation"/>
    <property name="sun.arch.data.model" value="64"/>
    <property name="user.variant" value=""/>
    <property name="java.vendor.url" value="https://java.oracle.com/"/>
    <property name="user.timezone" value="America/Lima"/>
    <property name="os.name" value="Windows 10"/>
    <property name="java.vm.specification.version" value="17"/>
    <property name="sun.java.launcher" value="SUN_STANDARD"/>
    <property name="user.country" value="PE"/>
    <property name="sun.boot.library.path" value="C:\Program Files\Java\jdk-17\bin"/>
    <property name="sun.java.command" value="C:\Users\WINDOWS 2025\AppData\Local\Temp\surefire1010853019754103688\surefirebooter-20250926003454763_3.jar C:\Users\WINDOWS 2025\AppData\Local\Temp\surefire1010853019754103688 2025-09-26T00-34-54_542-jvmRun1 surefire-20250926003454763_1tmp surefire_0-20250926003454763_2tmp"/>
    <property name="jdk.debug" value="release"/>
    <property name="surefire.test.class.path" value="D:\ms-distribucion-test\target\test-classes;D:\ms-distribucion-test\target\classes;C:\Users\WINDOWS 2025\.m2\repository\org\springframework\boot\spring-boot-starter-webflux\3.4.5\spring-boot-starter-webflux-3.4.5.jar;C:\Users\WINDOWS 2025\.m2\repository\org\springframework\boot\spring-boot-starter\3.4.5\spring-boot-starter-3.4.5.jar;C:\Users\WINDOWS 2025\.m2\repository\org\springframework\boot\spring-boot\3.4.5\spring-boot-3.4.5.jar;C:\Users\WINDOWS 2025\.m2\repository\org\springframework\boot\spring-boot-autoconfigure\3.4.5\spring-boot-autoconfigure-3.4.5.jar;C:\Users\WINDOWS 2025\.m2\repository\org\springframework\boot\spring-boot-starter-logging\3.4.5\spring-boot-starter-logging-3.4.5.jar;C:\Users\WINDOWS 2025\.m2\repository\ch\qos\logback\logback-classic\1.5.18\logback-classic-1.5.18.jar;C:\Users\WINDOWS 2025\.m2\repository\ch\qos\logback\logback-core\1.5.18\logback-core-1.5.18.jar;C:\Users\WINDOWS 2025\.m2\repository\org\apache\logging\log4j\log4j-to-slf4j\2.24.3\log4j-to-slf4j-2.24.3.jar;C:\Users\WINDOWS 2025\.m2\repository\org\apache\logging\log4j\log4j-api\2.24.3\log4j-api-2.24.3.jar;C:\Users\WINDOWS 2025\.m2\repository\org\slf4j\jul-to-slf4j\2.0.17\jul-to-slf4j-2.0.17.jar;C:\Users\WINDOWS 2025\.m2\repository\jakarta\annotation\jakarta.annotation-api\2.1.1\jakarta.annotation-api-2.1.1.jar;C:\Users\WINDOWS 2025\.m2\repository\org\yaml\snakeyaml\2.3\snakeyaml-2.3.jar;C:\Users\WINDOWS 2025\.m2\repository\org\springframework\boot\spring-boot-starter-json\3.4.5\spring-boot-starter-json-3.4.5.jar;C:\Users\WINDOWS 2025\.m2\repository\com\fasterxml\jackson\datatype\jackson-datatype-jdk8\2.18.3\jackson-datatype-jdk8-2.18.3.jar;C:\Users\WINDOWS 2025\.m2\repository\com\fasterxml\jackson\datatype\jackson-datatype-jsr310\2.18.3\jackson-datatype-jsr310-2.18.3.jar;C:\Users\WINDOWS 2025\.m2\repository\com\fasterxml\jackson\module\jackson-module-parameter-names\2.18.3\jackson-module-parameter-names-2.18.3.jar;C:\Users\WINDOWS 2025\.m2\repository\org\springframework\boot\spring-boot-starter-reactor-netty\3.4.5\spring-boot-starter-reactor-netty-3.4.5.jar;C:\Users\WINDOWS 2025\.m2\repository\io\projectreactor\netty\reactor-netty-http\1.2.5\reactor-netty-http-1.2.5.jar;C:\Users\WINDOWS 2025\.m2\repository\io\netty\netty-codec-http\4.1.119.Final\netty-codec-http-4.1.119.Final.jar;C:\Users\WINDOWS 2025\.m2\repository\io\netty\netty-common\4.1.119.Final\netty-common-4.1.119.Final.jar;C:\Users\WINDOWS 2025\.m2\repository\io\netty\netty-buffer\4.1.119.Final\netty-buffer-4.1.119.Final.jar;C:\Users\WINDOWS 2025\.m2\repository\io\netty\netty-transport\4.1.119.Final\netty-transport-4.1.119.Final.jar;C:\Users\WINDOWS 2025\.m2\repository\io\netty\netty-codec\4.1.119.Final\netty-codec-4.1.119.Final.jar;C:\Users\WINDOWS 2025\.m2\repository\io\netty\netty-handler\4.1.119.Final\netty-handler-4.1.119.Final.jar;C:\Users\WINDOWS 2025\.m2\repository\io\netty\netty-codec-http2\4.1.119.Final\netty-codec-http2-4.1.119.Final.jar;C:\Users\WINDOWS 2025\.m2\repository\io\netty\netty-resolver-dns\4.1.119.Final\netty-resolver-dns-4.1.119.Final.jar;C:\Users\WINDOWS 2025\.m2\repository\io\netty\netty-resolver\4.1.119.Final\netty-resolver-4.1.119.Final.jar;C:\Users\WINDOWS 2025\.m2\repository\io\netty\netty-codec-dns\4.1.119.Final\netty-codec-dns-4.1.119.Final.jar;C:\Users\WINDOWS 2025\.m2\repository\io\netty\netty-resolver-dns-native-macos\4.1.119.Final\netty-resolver-dns-native-macos-4.1.119.Final-osx-x86_64.jar;C:\Users\WINDOWS 2025\.m2\repository\io\netty\netty-resolver-dns-classes-macos\4.1.119.Final\netty-resolver-dns-classes-macos-4.1.119.Final.jar;C:\Users\WINDOWS 2025\.m2\repository\io\netty\netty-transport-native-epoll\4.1.119.Final\netty-transport-native-epoll-4.1.119.Final-linux-x86_64.jar;C:\Users\WINDOWS 2025\.m2\repository\io\netty\netty-transport-native-unix-common\4.1.119.Final\netty-transport-native-unix-common-4.1.119.Final.jar;C:\Users\WINDOWS 2025\.m2\repository\io\netty\netty-transport-classes-epoll\4.1.119.Final\netty-transport-classes-epoll-4.1.119.Final.jar;C:\Users\WINDOWS 2025\.m2\repository\io\projectreactor\netty\reactor-netty-core\1.2.5\reactor-netty-core-1.2.5.jar;C:\Users\WINDOWS 2025\.m2\repository\io\netty\netty-handler-proxy\4.1.119.Final\netty-handler-proxy-4.1.119.Final.jar;C:\Users\WINDOWS 2025\.m2\repository\io\netty\netty-codec-socks\4.1.119.Final\netty-codec-socks-4.1.119.Final.jar;C:\Users\WINDOWS 2025\.m2\repository\org\springframework\spring-web\6.2.6\spring-web-6.2.6.jar;C:\Users\WINDOWS 2025\.m2\repository\org\springframework\spring-beans\6.2.6\spring-beans-6.2.6.jar;C:\Users\WINDOWS 2025\.m2\repository\org\springframework\spring-webflux\6.2.6\spring-webflux-6.2.6.jar;C:\Users\WINDOWS 2025\.m2\repository\org\springframework\boot\spring-boot-starter-data-mongodb-reactive\3.4.5\spring-boot-starter-data-mongodb-reactive-3.4.5.jar;C:\Users\WINDOWS 2025\.m2\repository\io\projectreactor\reactor-core\3.7.5\reactor-core-3.7.5.jar;C:\Users\WINDOWS 2025\.m2\repository\org\reactivestreams\reactive-streams\1.0.4\reactive-streams-1.0.4.jar;C:\Users\WINDOWS 2025\.m2\repository\org\mongodb\mongodb-driver-reactivestreams\5.2.1\mongodb-driver-reactivestreams-5.2.1.jar;C:\Users\WINDOWS 2025\.m2\repository\org\mongodb\bson\5.2.1\bson-5.2.1.jar;C:\Users\WINDOWS 2025\.m2\repository\org\mongodb\mongodb-driver-core\5.2.1\mongodb-driver-core-5.2.1.jar;C:\Users\WINDOWS 2025\.m2\repository\org\mongodb\bson-record-codec\5.2.1\bson-record-codec-5.2.1.jar;C:\Users\WINDOWS 2025\.m2\repository\org\springframework\data\spring-data-mongodb\4.4.5\spring-data-mongodb-4.4.5.jar;C:\Users\WINDOWS 2025\.m2\repository\org\springframework\spring-tx\6.2.6\spring-tx-6.2.6.jar;C:\Users\WINDOWS 2025\.m2\repository\org\springframework\spring-context\6.2.6\spring-context-6.2.6.jar;C:\Users\WINDOWS 2025\.m2\repository\org\springframework\spring-aop\6.2.6\spring-aop-6.2.6.jar;C:\Users\WINDOWS 2025\.m2\repository\org\springframework\spring-expression\6.2.6\spring-expression-6.2.6.jar;C:\Users\WINDOWS 2025\.m2\repository\org\springframework\data\spring-data-commons\3.4.5\spring-data-commons-3.4.5.jar;C:\Users\WINDOWS 2025\.m2\repository\org\slf4j\slf4j-api\2.0.17\slf4j-api-2.0.17.jar;C:\Users\WINDOWS 2025\.m2\repository\org\springframework\boot\spring-boot-starter-validation\3.4.5\spring-boot-starter-validation-3.4.5.jar;C:\Users\WINDOWS 2025\.m2\repository\org\apache\tomcat\embed\tomcat-embed-el\10.1.40\tomcat-embed-el-10.1.40.jar;C:\Users\WINDOWS 2025\.m2\repository\org\hibernate\validator\hibernate-validator\8.0.2.Final\hibernate-validator-8.0.2.Final.jar;C:\Users\WINDOWS 2025\.m2\repository\jakarta\validation\jakarta.validation-api\3.0.2\jakarta.validation-api-3.0.2.jar;C:\Users\WINDOWS 2025\.m2\repository\org\jboss\logging\jboss-logging\3.6.1.Final\jboss-logging-3.6.1.Final.jar;C:\Users\WINDOWS 2025\.m2\repository\com\fasterxml\classmate\1.7.0\classmate-1.7.0.jar;C:\Users\WINDOWS 2025\.m2\repository\org\springframework\boot\spring-boot-starter-actuator\3.4.5\spring-boot-starter-actuator-3.4.5.jar;C:\Users\WINDOWS 2025\.m2\repository\org\springframework\boot\spring-boot-actuator-autoconfigure\3.4.5\spring-boot-actuator-autoconfigure-3.4.5.jar;C:\Users\WINDOWS 2025\.m2\repository\org\springframework\boot\spring-boot-actuator\3.4.5\spring-boot-actuator-3.4.5.jar;C:\Users\WINDOWS 2025\.m2\repository\io\micrometer\micrometer-observation\1.14.6\micrometer-observation-1.14.6.jar;C:\Users\WINDOWS 2025\.m2\repository\io\micrometer\micrometer-commons\1.14.6\micrometer-commons-1.14.6.jar;C:\Users\WINDOWS 2025\.m2\repository\io\micrometer\micrometer-jakarta9\1.14.6\micrometer-jakarta9-1.14.6.jar;C:\Users\WINDOWS 2025\.m2\repository\org\springdoc\springdoc-openapi-starter-webflux-api\2.3.0\springdoc-openapi-starter-webflux-api-2.3.0.jar;C:\Users\WINDOWS 2025\.m2\repository\org\springdoc\springdoc-openapi-starter-common\2.3.0\springdoc-openapi-starter-common-2.3.0.jar;C:\Users\WINDOWS 2025\.m2\repository\io\swagger\core\v3\swagger-core-jakarta\2.2.19\swagger-core-jakarta-2.2.19.jar;C:\Users\WINDOWS 2025\.m2\repository\org\apache\commons\commons-lang3\3.17.0\commons-lang3-3.17.0.jar;C:\Users\WINDOWS 2025\.m2\repository\io\swagger\core\v3\swagger-annotations-jakarta\2.2.19\swagger-annotations-jakarta-2.2.19.jar;C:\Users\WINDOWS 2025\.m2\repository\io\swagger\core\v3\swagger-models-jakarta\2.2.19\swagger-models-jakarta-2.2.19.jar;C:\Users\WINDOWS 2025\.m2\repository\com\fasterxml\jackson\dataformat\jackson-dataformat-yaml\2.18.3\jackson-dataformat-yaml-2.18.3.jar;C:\Users\WINDOWS 2025\.m2\repository\io\jsonwebtoken\jjwt-api\0.11.5\jjwt-api-0.11.5.jar;C:\Users\WINDOWS 2025\.m2\repository\io\jsonwebtoken\jjwt-impl\0.11.5\jjwt-impl-0.11.5.jar;C:\Users\WINDOWS 2025\.m2\repository\io\jsonwebtoken\jjwt-jackson\0.11.5\jjwt-jackson-0.11.5.jar;C:\Users\WINDOWS 2025\.m2\repository\com\fasterxml\jackson\core\jackson-databind\2.18.3\jackson-databind-2.18.3.jar;C:\Users\WINDOWS 2025\.m2\repository\com\fasterxml\jackson\core\jackson-annotations\2.18.3\jackson-annotations-2.18.3.jar;C:\Users\WINDOWS 2025\.m2\repository\com\fasterxml\jackson\core\jackson-core\2.18.3\jackson-core-2.18.3.jar;C:\Users\WINDOWS 2025\.m2\repository\org\projectlombok\lombok\1.18.38\lombok-1.18.38.jar;C:\Users\WINDOWS 2025\.m2\repository\io\micrometer\micrometer-registry-prometheus\1.14.6\micrometer-registry-prometheus-1.14.6.jar;C:\Users\WINDOWS 2025\.m2\repository\io\micrometer\micrometer-core\1.14.6\micrometer-core-1.14.6.jar;C:\Users\WINDOWS 2025\.m2\repository\org\hdrhistogram\HdrHistogram\2.2.2\HdrHistogram-2.2.2.jar;C:\Users\WINDOWS 2025\.m2\repository\org\latencyutils\LatencyUtils\2.0.3\LatencyUtils-2.0.3.jar;C:\Users\WINDOWS 2025\.m2\repository\io\prometheus\prometheus-metrics-core\1.3.6\prometheus-metrics-core-1.3.6.jar;C:\Users\WINDOWS 2025\.m2\repository\io\prometheus\prometheus-metrics-model\1.3.6\prometheus-metrics-model-1.3.6.jar;C:\Users\WINDOWS 2025\.m2\repository\io\prometheus\prometheus-metrics-config\1.3.6\prometheus-metrics-config-1.3.6.jar;C:\Users\WINDOWS 2025\.m2\repository\io\prometheus\prometheus-metrics-tracer-common\1.3.6\prometheus-metrics-tracer-common-1.3.6.jar;C:\Users\WINDOWS 2025\.m2\repository\io\prometheus\prometheus-metrics-exposition-formats\1.3.6\prometheus-metrics-exposition-formats-1.3.6.jar;C:\Users\WINDOWS 2025\.m2\repository\io\prometheus\prometheus-metrics-exposition-textformats\1.3.6\prometheus-metrics-exposition-textformats-1.3.6.jar;C:\Users\WINDOWS 2025\.m2\repository\org\springframework\boot\spring-boot-starter-test\3.4.5\spring-boot-starter-test-3.4.5.jar;C:\Users\WINDOWS 2025\.m2\repository\org\springframework\boot\spring-boot-test\3.4.5\spring-boot-test-3.4.5.jar;C:\Users\WINDOWS 2025\.m2\repository\org\springframework\boot\spring-boot-test-autoconfigure\3.4.5\spring-boot-test-autoconfigure-3.4.5.jar;C:\Users\WINDOWS 2025\.m2\repository\com\jayway\jsonpath\json-path\2.9.0\json-path-2.9.0.jar;C:\Users\WINDOWS 2025\.m2\repository\jakarta\xml\bind\jakarta.xml.bind-api\4.0.2\jakarta.xml.bind-api-4.0.2.jar;C:\Users\WINDOWS 2025\.m2\repository\jakarta\activation\jakarta.activation-api\2.1.3\jakarta.activation-api-2.1.3.jar;C:\Users\WINDOWS 2025\.m2\repository\net\minidev\json-smart\2.5.2\json-smart-2.5.2.jar;C:\Users\WINDOWS 2025\.m2\repository\net\minidev\accessors-smart\2.5.2\accessors-smart-2.5.2.jar;C:\Users\WINDOWS 2025\.m2\repository\org\ow2\asm\asm\9.7.1\asm-9.7.1.jar;C:\Users\WINDOWS 2025\.m2\repository\org\assertj\assertj-core\3.26.3\assertj-core-3.26.3.jar;C:\Users\WINDOWS 2025\.m2\repository\net\bytebuddy\byte-buddy\1.15.11\byte-buddy-1.15.11.jar;C:\Users\WINDOWS 2025\.m2\repository\org\awaitility\awaitility\4.2.2\awaitility-4.2.2.jar;C:\Users\WINDOWS 2025\.m2\repository\org\hamcrest\hamcrest\2.2\hamcrest-2.2.jar;C:\Users\WINDOWS 2025\.m2\repository\org\junit\jupiter\junit-jupiter\5.11.4\junit-jupiter-5.11.4.jar;C:\Users\WINDOWS 2025\.m2\repository\org\junit\jupiter\junit-jupiter-api\5.11.4\junit-jupiter-api-5.11.4.jar;C:\Users\WINDOWS 2025\.m2\repository\org\opentest4j\opentest4j\1.3.0\opentest4j-1.3.0.jar;C:\Users\WINDOWS 2025\.m2\repository\org\junit\platform\junit-platform-commons\1.11.4\junit-platform-commons-1.11.4.jar;C:\Users\WINDOWS 2025\.m2\repository\org\apiguardian\apiguardian-api\1.1.2\apiguardian-api-1.1.2.jar;C:\Users\WINDOWS 2025\.m2\repository\org\junit\jupiter\junit-jupiter-params\5.11.4\junit-jupiter-params-5.11.4.jar;C:\Users\WINDOWS 2025\.m2\repository\org\junit\jupiter\junit-jupiter-engine\5.11.4\junit-jupiter-engine-5.11.4.jar;C:\Users\WINDOWS 2025\.m2\repository\org\junit\platform\junit-platform-engine\1.11.4\junit-platform-engine-1.11.4.jar;C:\Users\WINDOWS 2025\.m2\repository\org\mockito\mockito-core\5.14.2\mockito-core-5.14.2.jar;C:\Users\WINDOWS 2025\.m2\repository\net\bytebuddy\byte-buddy-agent\1.15.11\byte-buddy-agent-1.15.11.jar;C:\Users\WINDOWS 2025\.m2\repository\org\objenesis\objenesis\3.3\objenesis-3.3.jar;C:\Users\WINDOWS 2025\.m2\repository\org\mockito\mockito-junit-jupiter\5.14.2\mockito-junit-jupiter-5.14.2.jar;C:\Users\WINDOWS 2025\.m2\repository\org\skyscreamer\jsonassert\1.5.3\jsonassert-1.5.3.jar;C:\Users\WINDOWS 2025\.m2\repository\com\vaadin\external\google\android-json\0.0.20131108.vaadin1\android-json-0.0.20131108.vaadin1.jar;C:\Users\WINDOWS 2025\.m2\repository\org\springframework\spring-core\6.2.6\spring-core-6.2.6.jar;C:\Users\WINDOWS 2025\.m2\repository\org\springframework\spring-jcl\6.2.6\spring-jcl-6.2.6.jar;C:\Users\WINDOWS 2025\.m2\repository\org\springframework\spring-test\6.2.6\spring-test-6.2.6.jar;C:\Users\WINDOWS 2025\.m2\repository\org\xmlunit\xmlunit-core\2.10.0\xmlunit-core-2.10.0.jar;C:\Users\WINDOWS 2025\.m2\repository\io\projectreactor\reactor-test\3.7.5\reactor-test-3.7.5.jar;"/>
    <property name="sun.cpu.endian" value="little"/>
    <property name="user.home" value="C:\Users\WINDOWS 2025"/>
    <property name="user.language" value="es"/>
    <property name="java.specification.vendor" value="Oracle Corporation"/>
    <property name="java.version.date" value="2024-07-16"/>
    <property name="java.home" value="C:\Program Files\Java\jdk-17"/>
    <property name="spring.profiles.active" value="test"/>
    <property name="file.separator" value="\"/>
    <property name="basedir" value="D:\ms-distribucion-test"/>
    <property name="java.vm.compressedOopsMode" value="32-bit"/>
    <property name="line.separator" value="&#10;"/>
    <property name="java.vm.specification.vendor" value="Oracle Corporation"/>
    <property name="java.specification.name" value="Java Platform API Specification"/>
    <property name="surefire.real.class.path" value="C:\Users\WINDOWS 2025\AppData\Local\Temp\surefire1010853019754103688\surefirebooter-20250926003454763_3.jar"/>
    <property name="user.script" value=""/>
    <property name="sun.management.compiler" value="HotSpot 64-Bit Tiered Compilers"/>
    <property name="java.runtime.version" value="17.0.12+8-LTS-286"/>
    <property name="user.name" value="WINDOWS 2025"/>
    <property name="path.separator" value=";"/>
    <property name="os.version" value="10.0"/>
    <property name="java.runtime.name" value="Java(TM) SE Runtime Environment"/>
    <property name="file.encoding" value="Cp1252"/>
    <property name="java.vm.name" value="Java HotSpot(TM) 64-Bit Server VM"/>
    <property name="localRepository" value="C:\Users\WINDOWS 2025\.m2\repository"/>
    <property name="java.vendor.url.bug" value="https://bugreport.java.com/bugreport/"/>
    <property name="java.io.tmpdir" value="C:\Users\WINDOW~1\AppData\Local\Temp\"/>
    <property name="java.version" value="17.0.12"/>
    <property name="user.dir" value="D:\ms-distribucion-test"/>
    <property name="os.arch" value="amd64"/>
    <property name="java.vm.specification.name" value="Java Virtual Machine Specification"/>
    <property name="sun.os.patch.level" value=""/>
    <property name="native.encoding" value="Cp1252"/>
    <property name="java.library.path" value="C:\Program Files\Java\jdk-17\bin;C:\Windows\Sun\Java\bin;C:\Windows\system32;C:\Windows;C:\Program Files\Common Files\Oracle\Java\javapath;C:\Windows\system32;C:\Windows;C:\Windows\System32\Wbem;C:\Windows\System32\WindowsPowerShell\v1.0\;C:\Windows\System32\OpenSSH\;C:\Program Files\Docker\Docker\resources\bin;C:\Program Files\Git\cmd;C:\Program Files\apache-maven-3.9.10\bin;C:\Program Files\nodejs\;C:\Users\WINDOWS 2025\AppData\Local\Programs\Python\Python313\Scripts\;C:\Users\WINDOWS 2025\AppData\Local\Programs\Python\Python313\;C:\Users\WINDOWS 2025\AppData\Local\Programs\Python\Launcher\;C:\Users\WINDOWS 2025\AppData\Local\Microsoft\WindowsApps;C:\Users\WINDOWS 2025\AppData\Local\Programs\Microsoft VS Code\bin;C:\Users\WINDOWS 2025\AppData\Local\Google\Cloud SDK\google-cloud-sdk\bin;C:\Users\WINDOWS 2025\AppData\Roaming\npm;C:\Users\WINDOWS 2025\AppData\Local\Programs\cursor\resources\app\bin;c:\Users\WINDOWS 2025\AppData\Roaming\Code\User\globalStorage\github.copilot-chat\debugCommand;."/>
    <property name="java.vm.info" value="mixed mode, sharing"/>
    <property name="java.vendor" value="Oracle Corporation"/>
    <property name="java.vm.version" value="17.0.12+8-LTS-286"/>
    <property name="sun.io.unicode.encoding" value="UnicodeLittle"/>
    <property name="java.class.version" value="61.0"/>
  </properties>
  <testcase name="update_ShouldUpdateSchedule_WhenScheduleExists" classname="pe.edu.vallegrande.ms_distribution.application.services.impl.DistributionScheduleServiceImplTest" time="0.108">
    <system-out><![CDATA[➡️ Iniciando prueba: Actualizar horario existente
✅ Horario actualizado correctamente
✔️ Prueba de actualización finalizada

]]></system-out>
  </testcase>
  <testcase name="generateNextScheduleCode_ShouldHandleParsingError_WhenInvalidCodeFormat" classname="pe.edu.vallegrande.ms_distribution.application.services.impl.DistributionScheduleServiceImplTest" time="0.009">
    <system-out><![CDATA[➡️ Iniciando prueba: Manejo de error en parsing de código
✅ Código generado correctamente después de error de parsing: HOR001
✔️ Prueba de manejo de error de parsing finalizada

]]></system-out>
  </testcase>
  <testcase name="getById_ShouldReturnSchedule_WhenScheduleExists" classname="pe.edu.vallegrande.ms_distribution.application.services.impl.DistributionScheduleServiceImplTest" time="0.005">
    <system-out><![CDATA[➡️ Iniciando prueba: Obtener horario por ID existente
✅ Horario encontrado correctamente
✔️ Prueba de obtener horario por ID finalizada

]]></system-out>
  </testcase>
  <testcase name="save_ShouldGenerateNextScheduleCode_WhenPreviousSchedulesExist" classname="pe.edu.vallegrande.ms_distribution.application.services.impl.DistributionScheduleServiceImplTest" time="0.007">
    <system-out><![CDATA[➡️ Iniciando prueba: Generación de código secuencial
✅ Código generado correctamente: HOR008
✔️ Prueba de generación de código finalizada

]]></system-out>
  </testcase>
  <testcase name="getById_ShouldReturnError_WhenScheduleNotFound" classname="pe.edu.vallegrande.ms_distribution.application.services.impl.DistributionScheduleServiceImplTest" time="0.004">
    <system-out><![CDATA[➡️ Iniciando prueba negativa: Obtener horario inexistente
❌ Error esperado: Schedule not found
✔️ Prueba negativa finalizada con éxito

]]></system-out>
  </testcase>
  <testcase name="getAll_ShouldReturnAllSchedules_WhenCalled" classname="pe.edu.vallegrande.ms_distribution.application.services.impl.DistributionScheduleServiceImplTest" time="0.007">
    <system-out><![CDATA[➡️ Iniciando prueba: Obtener todos los horarios
✅ Primer horario obtenido correctamente
✅ Segundo horario obtenido correctamente
✔️ Prueba de obtener todos los horarios finalizada

]]></system-out>
  </testcase>
  <testcase name="delete_ShouldDeleteSchedule_WhenScheduleExists" classname="pe.edu.vallegrande.ms_distribution.application.services.impl.DistributionScheduleServiceImplTest" time="0.005">
    <system-out><![CDATA[➡️ Iniciando prueba: Eliminar horario existente
✅ Horario eliminado correctamente
✔️ Prueba de eliminación finalizada

]]></system-out>
  </testcase>
  <testcase name="activate_ShouldActivateSchedule_WhenScheduleExists" classname="pe.edu.vallegrande.ms_distribution.application.services.impl.DistributionScheduleServiceImplTest" time="0.006">
    <system-out><![CDATA[➡️ Iniciando prueba: Activación de horario
✅ Horario activado correctamente
✔️ Prueba de activación finalizada

]]></system-out>
  </testcase>
  <testcase name="activate_ShouldReturnError_WhenScheduleNotFound" classname="pe.edu.vallegrande.ms_distribution.application.services.impl.DistributionScheduleServiceImplTest" time="0.006">
    <system-out><![CDATA[➡️ Iniciando prueba negativa: Activación de horario inexistente
❌ Error esperado: Schedule not found
✔️ Prueba negativa finalizada con éxito

]]></system-out>
  </testcase>
  <testcase name="save_ShouldHandleDifferentDayConfigurations_WhenRequestIsValid" classname="pe.edu.vallegrande.ms_distribution.application.services.impl.DistributionScheduleServiceImplTest" time="0.005">
    <system-out><![CDATA[➡️ Iniciando prueba: Diferentes configuraciones de días
✅ Horario de fin de semana creado correctamente
✔️ Prueba de configuración de días finalizada

]]></system-out>
  </testcase>
  <testcase name="delete_ShouldReturnError_WhenScheduleNotFound" classname="pe.edu.vallegrande.ms_distribution.application.services.impl.DistributionScheduleServiceImplTest" time="0.006">
    <system-out><![CDATA[➡️ Iniciando prueba negativa: Eliminar horario inexistente
❌ Error esperado: Schedule not found
✔️ Prueba negativa de eliminación finalizada

]]></system-out>
  </testcase>
  <testcase name="save_ShouldCreateSchedule_WhenRequestIsValid" classname="pe.edu.vallegrande.ms_distribution.application.services.impl.DistributionScheduleServiceImplTest" time="0.005">
    <system-out><![CDATA[➡️ Iniciando prueba: Creando horario válido
✅ Horario creado correctamente con código: HOR001
📌 Datos enviados al repositorio:
   Organización: org-1
   Código: HOR001
   Zona: zone-1
   Nombre: Horario Zona Centro
   Días: [LUNES, MIÉRCOLES, VIERNES]
   Hora inicio: 06:00
   Hora fin: 12:00
   Duración: 6
   Estado: ACTIVE
✔️ Prueba finalizada con éxito

]]></system-out>
  </testcase>
  <testcase name="save_ShouldReturnError_WhenScheduleCodeAlreadyExists" classname="pe.edu.vallegrande.ms_distribution.application.services.impl.DistributionScheduleServiceImplTest" time="0.004">
    <system-out><![CDATA[➡️ Iniciando prueba negativa: Código de horario ya existe
❌ Error esperado: Schedule code already exists
✔️ Prueba negativa finalizada con éxito

]]></system-out>
  </testcase>
  <testcase name="getAllActive_ShouldReturnActiveSchedules_WhenCalled" classname="pe.edu.vallegrande.ms_distribution.application.services.impl.DistributionScheduleServiceImplTest" time="0.005">
    <system-out><![CDATA[➡️ Iniciando prueba: Obtener horarios activos
✅ Primer horario activo obtenido correctamente
✅ Segundo horario activo obtenido correctamente
✔️ Prueba de obtener horarios activos finalizada

]]></system-out>
  </testcase>
  <testcase name="deactivate_ShouldDeactivateSchedule_WhenScheduleExists" classname="pe.edu.vallegrande.ms_distribution.application.services.impl.DistributionScheduleServiceImplTest" time="0.005">
    <system-out><![CDATA[➡️ Iniciando prueba: Desactivación de horario
✅ Horario desactivado correctamente
✔️ Prueba de desactivación finalizada

]]></system-out>
  </testcase>
  <testcase name="save_ShouldReturnError_WhenRepositoryFails" classname="pe.edu.vallegrande.ms_distribution.application.services.impl.DistributionScheduleServiceImplTest" time="0.005">
    <system-out><![CDATA[➡️ Iniciando prueba negativa: Falla del repositorio al guardar horario
❌ Error esperado: Database error
✔️ Prueba negativa finalizada con éxito

]]></system-out>
  </testcase>
  <testcase name="getAllInactive_ShouldReturnInactiveSchedules_WhenCalled" classname="pe.edu.vallegrande.ms_distribution.application.services.impl.DistributionScheduleServiceImplTest" time="0.005">
    <system-out><![CDATA[➡️ Iniciando prueba: Obtener horarios inactivos
✅ Horario inactivo obtenido correctamente
✔️ Prueba de obtener horarios inactivos finalizada

]]></system-out>
  </testcase>
  <testcase name="update_ShouldReturnError_WhenScheduleNotFound" classname="pe.edu.vallegrande.ms_distribution.application.services.impl.DistributionScheduleServiceImplTest" time="0.006">
    <system-out><![CDATA[➡️ Iniciando prueba negativa: Actualizar horario inexistente
✔️ Prueba negativa de actualización finalizada

]]></system-out>
  </testcase>
  <testcase name="deactivate_ShouldReturnError_WhenScheduleNotFound" classname="pe.edu.vallegrande.ms_distribution.application.services.impl.DistributionScheduleServiceImplTest" time="0.004">
    <system-out><![CDATA[➡️ Iniciando prueba negativa: Desactivar horario inexistente
❌ Error esperado: Schedule not found
✔️ Prueba negativa de desactivación finalizada

]]></system-out>
  </testcase>
</testsuite>